<?xml version="1.0" encoding="UTF-8"?>
<testsuites name="model-failover e2e" tests="6" time="1.310">
  <testsuite name="09c - LlmProvider: Composed retry - operator's resilience.retry status code also triggers model-failover's cross-cluster failover / Reset backend A (clear last-request + force-status)" id="70ed199a-4ab5-4a88-8e66-bd11dc256201" timestamp="2026-08-18T08:08:01.805Z" tests="0" failures="0" errors="0" time="0.015"/>
  <testsuite name="09c - LlmProvider: Composed retry - operator's resilience.retry status code also triggers model-failover's cross-cluster failover / Force backend A (primary) to fail with 502 (operator-contributed code, not model-failover's own 500)" id="faecee6d-c3ed-4596-b6a3-de0da3898b36" timestamp="2026-08-18T08:08:01.805Z" tests="0" failures="0" errors="0" time="0.000"/>
  <testsuite name="09c - LlmProvider: Composed retry - operator's resilience.retry status code also triggers model-failover's cross-cluster failover / Invoke gpt-4o - expect clean 200 via fallback on a 502 (proves union, not just model-failover's own codes)" id="a8ce5159-3e81-47bd-8f13-01dc9d791d8c" timestamp="2026-08-18T08:08:01.805Z" tests="2" failures="0" errors="0" time="0.086">
    <testcase name="status is 200 despite primary returning 502" time="0.086" classname="09CLlmProviderComposedRetryOperatorsResilienceRetryStatusCodeAlsoTriggersModelFailoversCrossClusterFailoverInvokeGpt4OExpectClean200ViaFallbackOnA502ProvesUnionNotJustModelFailoversOwnCodes"/>
    <testcase name="per-attempt body rewrite: model became gpt-4o-mini" time="0.086" classname="09CLlmProviderComposedRetryOperatorsResilienceRetryStatusCodeAlsoTriggersModelFailoversCrossClusterFailoverInvokeGpt4OExpectClean200ViaFallbackOnA502ProvesUnionNotJustModelFailoversOwnCodes"/>
  </testsuite>
  <testsuite name="09c - LlmProvider: Composed retry - operator's resilience.retry status code also triggers model-failover's cross-cluster failover / Verify backend B (fallback) received the rewritten model" id="3395891a-4e4d-4816-aa9a-adcddd71890a" timestamp="2026-08-18T08:08:01.805Z" tests="1" failures="0" errors="0" time="0.001">
    <testcase name="backend B was dialed with the rewritten model" time="0.001" classname="09CLlmProviderComposedRetryOperatorsResilienceRetryStatusCodeAlsoTriggersModelFailoversCrossClusterFailoverVerifyBackendBFallbackReceivedTheRewrittenModel"/>
  </testsuite>
  <testsuite name="09c - LlmProvider: Composed retry - operator's resilience.retry status code also triggers model-failover's cross-cluster failover / Verify backend A's own attempt kept the ORIGINAL model (never the fallback's)" id="c22a0b65-1158-4663-8dad-683da285006b" timestamp="2026-08-18T08:08:01.805Z" tests="1" failures="0" errors="0" time="0.001">
    <testcase name="backend A's single attempt still shows gpt-4o, not gpt-4o-mini" time="0.001" classname="09CLlmProviderComposedRetryOperatorsResilienceRetryStatusCodeAlsoTriggersModelFailoversCrossClusterFailoverVerifyBackendAsOwnAttemptKeptTheOriginalModelNeverTheFallbacks"/>
  </testsuite>
  <testsuite name="09c - LlmProvider: Composed retry - operator's resilience.retry status code also triggers model-failover's cross-cluster failover / Cleanup: delete mf-resilience-retry-compose-test" id="71b79d6e-ae71-4612-911c-7d9fdab13810" timestamp="2026-08-18T08:08:01.805Z" tests="0" failures="0" errors="0" time="1.207"/>
</testsuites>